<?xml version="1.0" encoding="UTF-8"?>
<testsuite xmlns:xsi="http://www.w3.org/2001/XMLSchema-instance" xsi:noNamespaceSchemaLocation="https://maven.apache.org/surefire/maven-surefire-plugin/xsd/surefire-test-report-3.0.xsd" version="3.0" name="in.ineuron.AppTest" time="0.011" tests="4" errors="0" skipped="0" failures="0">
  <properties>
[...]
</properties>
  <testcase name="testSumWithZero" classname="in.ineuron.AppTest" time="0.002"/>
  <testcase name="testSumWithNegativeNumber" classname="in.ineuron.AppTest" time="0"/>
  <testcase name="testSumWithMixedNumber" classname="in.ineuron.AppTest" time="0"/>
  <testcase name="testSumWithPositiveNumber" classname="in.ineuron.AppTest" time="0"/>
</testsuite>