<?xml version="1.0" encoding="UTF-8" ?>
<testsuite tests="4" failures="0" name="in.ineuron.AppTest" time="0.006" errors="0" skipped="0">
  <properties>
[...]
</properties>
  <testcase classname="in.ineuron.AppTest" name="testSumWithPositiveNumber" time="0.006"/>
  <testcase classname="in.ineuron.AppTest" name="testSumWithNegativeNumber" time="0"/>
  <testcase classname="in.ineuron.AppTest" name="testSumWithMixedNumber" time="0"/>
  <testcase classname="in.ineuron.AppTest" name="testSumWithZero" time="0"/>
</testsuite>